<?xml version="1.0" encoding="UTF-8"?>
<testng-results ignored="0" total="1" passed="1" failed="0" skipped="0">
  <reporter-output>
  </reporter-output>
  <suite started-at="2019-05-18T11:51:46Z" name="Default suite" finished-at="2019-05-18T11:52:01Z" duration-ms="14596">
    <groups>
    </groups>
    <test started-at="2019-05-18T11:51:46Z" name="Default test" finished-at="2019-05-18T11:52:01Z" duration-ms="14596">
      <class name="Webdriver.programs.RediffChrome">
        <test-method signature="Login()[pri:0, instance:Webdriver.programs.RediffChrome@1a4013]" started-at="2019-05-18T11:51:46Z" name="Login" finished-at="2019-05-18T11:52:01Z" duration-ms="14515" status="PASS">
          <reporter-output>
          </reporter-output>
        </test-method> <!-- Login -->
      </class> <!-- Webdriver.programs.RediffChrome -->
    </test> <!-- Default test -->
  </suite> <!-- Default suite -->
</testng-results>
